# JRE version: Java(TM) SE Runtime Environment (8.0_231-b11) (build 1.8.0_231-b11)
# Java VM: Java HotSpot(TM) 64-Bit Server VM (25.231-b11 mixed mode windows-amd64 compressed oops)
Heap:
 PSYoungGen      total 38400K, used 23427K [0x00000000d5c00000, 0x00000000d8680000, 0x0000000100000000)
  eden space 33280K, 70% used [0x00000000d5c00000,0x00000000d72e0e00,0x00000000d7c80000)
  from space 5120K, 0% used [0x00000000d7c80000,0x00000000d7c80000,0x00000000d8180000)
  to   space 5120K, 0% used [0x00000000d8180000,0x00000000d8180000,0x00000000d8680000)
 ParOldGen       total 53248K, used 11817K [0x0000000081400000, 0x0000000084800000, 0x00000000d5c00000)
  object space 53248K, 22% used [0x0000000081400000,0x0000000081f8a558,0x0000000084800000)
 Metaspace       used 17242K, capacity 17576K, committed 17920K, reserved 1064960K
  class space    used 2174K, capacity 2268K, committed 2304K, reserved 1048576K
GC Heap History (4 events):
Event: 41.287 GC heap before
{Heap before GC invocations=1 (full 0):
 PSYoungGen      total 38400K, used 29216K [0x00000000d5c00000, 0x00000000d8680000, 0x0000000100000000)
  eden space 33280K, 87% used [0x00000000d5c00000,0x00000000d7888090,0x00000000d7c80000)
  from space 5120K, 0% used [0x00000000d8180000,0x00000000d8180000,0x00000000d8680000)
  to   space 5120K, 0% used [0x00000000d7c80000,0x00000000d7c80000,0x00000000d8180000)
 ParOldGen       total 87552K, used 0K [0x0000000081400000, 0x0000000086980000, 0x00000000d5c00000)
  object space 87552K, 0% used [0x0000000081400000,0x0000000081400000,0x0000000086980000)
 Metaspace       used 15782K, capacity 16032K, committed 16128K, reserved 1062912K
  class space    used 1946K, capacity 2030K, committed 2048K, reserved 1048576K
Event: 41.299 GC heap after
Heap after GC invocations=1 (full 0):
 PSYoungGen      total 38400K, used 4195K [0x00000000d5c00000, 0x00000000d8680000, 0x0000000100000000)
  eden space 33280K, 0% used [0x00000000d5c00000,0x00000000d5c00000,0x00000000d7c80000)
  from space 5120K, 81% used [0x00000000d7c80000,0x00000000d8098c98,0x00000000d8180000)
  to   space 5120K, 0% used [0x00000000d8180000,0x00000000d8180000,0x00000000d8680000)
 ParOldGen       total 87552K, used 7718K [0x0000000081400000, 0x0000000086980000, 0x00000000d5c00000)
  object space 87552K, 8% used [0x0000000081400000,0x0000000081b89810,0x0000000086980000)
 Metaspace       used 15782K, capacity 16032K, committed 16128K, reserved 1062912K
  class space    used 1946K, capacity 2030K, committed 2048K, reserved 1048576K
}
Event: 41.299 GC heap before
{Heap before GC invocations=2 (full 1):
 PSYoungGen      total 38400K, used 4195K [0x00000000d5c00000, 0x00000000d8680000, 0x0000000100000000)
  eden space 33280K, 0% used [0x00000000d5c00000,0x00000000d5c00000,0x00000000d7c80000)
  from space 5120K, 81% used [0x00000000d7c80000,0x00000000d8098c98,0x00000000d8180000)
  to   space 5120K, 0% used [0x00000000d8180000,0x00000000d8180000,0x00000000d8680000)
 ParOldGen       total 87552K, used 7718K [0x0000000081400000, 0x0000000086980000, 0x00000000d5c00000)
  object space 87552K, 8% used [0x0000000081400000,0x0000000081b89810,0x0000000086980000)
 Metaspace       used 15782K, capacity 16032K, committed 16128K, reserved 1062912K
  class space    used 1946K, capacity 2030K, committed 2048K, reserved 1048576K
Event: 41.367 GC heap after
Heap after GC invocations=2 (full 1):
 PSYoungGen      total 38400K, used 0K [0x00000000d5c00000, 0x00000000d8680000, 0x0000000100000000)
  eden space 33280K, 0% used [0x00000000d5c00000,0x00000000d5c00000,0x00000000d7c80000)
  from space 5120K, 0% used [0x00000000d7c80000,0x00000000d7c80000,0x00000000d8180000)
  to   space 5120K, 0% used [0x00000000d8180000,0x00000000d8180000,0x00000000d8680000)
 ParOldGen       total 53248K, used 11817K [0x0000000081400000, 0x0000000084800000, 0x00000000d5c00000)
  object space 53248K, 22% used [0x0000000081400000,0x0000000081f8a558,0x0000000084800000)
 Metaspace       used 15782K, capacity 16032K, committed 16128K, reserved 1062912K
  class space    used 1946K, capacity 2030K, committed 2048K, reserved 1048576K
}

